This file contains any messages produced by compilers while
running configure, to aid debugging if configure makes a mistake.

configure:533: checking how to run the C preprocessor
configure:554: cc -E  conftest.c >/dev/null 2>conftest.out
configure:617: checking for compress in -lz
configure:636: cc -o conftest    conftest.c -lz   1>&5
configure:662: checking for getopt_long in -lc
configure:681: cc -o conftest    conftest.c -lc   1>&5
configure:707: checking for mysql_init in -lmysqlclient
configure:726: cc -o conftest    conftest.c -lmysqlclient   1>&5
/usr/bin/ld: cannot find -lmysqlclient
collect2: ld returned 1 exit status
configure: failed program was:
#line 715 "configure"
#include "confdefs.h"
/* Override any gcc2 internal prototype to avoid an error.  */
/* We use char because int might match the return type of a gcc2
    builtin and then its argument prototype would still apply.  */
char mysql_init();

int main() {
mysql_init()
; return 0; }
configure:752: checking for mysql.h
configure:762: cc -E  conftest.c >/dev/null 2>conftest.out
configure:758: mysql.h: No such file or directory
configure: failed program was:
#line 757 "configure"
#include "confdefs.h"
#include <mysql.h>
configure:871: checking for mysql_init in -lmysqlclient
configure:890: cc -o conftest    conftest.c -lmysqlclient -L/usr/local/lib/mysql  1>&5
configure:926: checking for /usr/local/include/mysql/mysql.h
configure:936: cc -E  conftest.c >/dev/null 2>conftest.out
